# JRE version: OpenJDK Runtime Environment (8.0_202-b03) (build 1.8.0_202-release-1483-b03)
# Java VM: OpenJDK 64-Bit Server VM (25.202-b03 mixed mode windows-amd64 compressed oops)
Heap:
 PSYoungGen      total 123904K, used 19369K [0x00000000e0000000, 0x00000000e8480000, 0x0000000100000000)
  eden space 113152K, 7% used [0x00000000e0000000,0x00000000e08713d8,0x00000000e6e80000)
  from space 10752K, 99% used [0x00000000e7900000,0x00000000e8379278,0x00000000e8380000)
  to   space 10752K, 0% used [0x00000000e6e80000,0x00000000e6e80000,0x00000000e7900000)
 ParOldGen       total 55808K, used 21011K [0x00000000a0000000, 0x00000000a3680000, 0x00000000e0000000)
  object space 55808K, 37% used [0x00000000a0000000,0x00000000a1484c90,0x00000000a3680000)
 Metaspace       used 45823K, capacity 46810K, committed 47016K, reserved 1089536K
  class space    used 6184K, capacity 6460K, committed 6568K, reserved 1048576K
GC Heap History (10 events):
Event: 4.590 GC heap before
{Heap before GC invocations=8 (full 1):
 PSYoungGen      total 76288K, used 66560K [0x00000000e0000000, 0x00000000e5500000, 0x0000000100000000)
  eden space 66560K, 100% used [0x00000000e0000000,0x00000000e4100000,0x00000000e4100000)
  from space 9728K, 0% used [0x00000000e4b80000,0x00000000e4b80000,0x00000000e5500000)
  to   space 10240K, 0% used [0x00000000e4100000,0x00000000e4100000,0x00000000e4b00000)
 ParOldGen       total 55808K, used 8323K [0x00000000a0000000, 0x00000000a3680000, 0x00000000e0000000)
  object space 55808K, 14% used [0x00000000a0000000,0x00000000a0820df0,0x00000000a3680000)
 Metaspace       used 29048K, capacity 29548K, committed 29824K, reserved 1075200K
  class space    used 3926K, capacity 4098K, committed 4224K, reserved 1048576K
Event: 4.599 GC heap after
Heap after GC invocations=8 (full 1):
 PSYoungGen      total 76800K, used 8162K [0x00000000e0000000, 0x00000000e8380000, 0x0000000100000000)
  eden space 66560K, 0% used [0x00000000e0000000,0x00000000e0000000,0x00000000e4100000)
  from space 10240K, 79% used [0x00000000e4100000,0x00000000e48f8880,0x00000000e4b00000)
  to   space 10752K, 0% used [0x00000000e7900000,0x00000000e7900000,0x00000000e8380000)
 ParOldGen       total 55808K, used 8331K [0x00000000a0000000, 0x00000000a3680000, 0x00000000e0000000)
  object space 55808K, 14% used [0x00000000a0000000,0x00000000a0822df0,0x00000000a3680000)
 Metaspace       used 29048K, capacity 29548K, committed 29824K, reserved 1075200K
  class space    used 3926K, capacity 4098K, committed 4224K, reserved 1048576K
}
Event: 5.094 GC heap before
{Heap before GC invocations=9 (full 1):
 PSYoungGen      total 76800K, used 74722K [0x00000000e0000000, 0x00000000e8380000, 0x0000000100000000)
  eden space 66560K, 100% used [0x00000000e0000000,0x00000000e4100000,0x00000000e4100000)
  from space 10240K, 79% used [0x00000000e4100000,0x00000000e48f8880,0x00000000e4b00000)
  to   space 10752K, 0% used [0x00000000e7900000,0x00000000e7900000,0x00000000e8380000)
 ParOldGen       total 55808K, used 8331K [0x00000000a0000000, 0x00000000a3680000, 0x00000000e0000000)
  object space 55808K, 14% used [0x00000000a0000000,0x00000000a0822df0,0x00000000a3680000)
 Metaspace       used 32380K, capacity 32874K, committed 33152K, reserved 1077248K
  class space    used 4463K, capacity 4652K, committed 4736K, reserved 1048576K
Event: 5.107 GC heap after
Heap after GC invocations=9 (full 1):
 PSYoungGen      total 123904K, used 8636K [0x00000000e0000000, 0x00000000e8480000, 0x0000000100000000)
  eden space 113152K, 0% used [0x00000000e0000000,0x00000000e0000000,0x00000000e6e80000)
  from space 10752K, 80% used [0x00000000e7900000,0x00000000e816f0c0,0x00000000e8380000)
  to   space 10752K, 0% used [0x00000000e6e80000,0x00000000e6e80000,0x00000000e7900000)
 ParOldGen       total 55808K, used 8339K [0x00000000a0000000, 0x00000000a3680000, 0x00000000e0000000)
  object space 55808K, 14% used [0x00000000a0000000,0x00000000a0824df0,0x00000000a3680000)
 Metaspace       used 32380K, capacity 32874K, committed 33152K, reserved 1077248K
  class space    used 4463K, capacity 4652K, committed 4736K, reserved 1048576K
}
Event: 6.175 GC heap before
{Heap before GC invocations=10 (full 1):
 PSYoungGen      total 123904K, used 57149K [0x00000000e0000000, 0x00000000e8480000, 0x0000000100000000)
  eden space 113152K, 42% used [0x00000000e0000000,0x00000000e2f606d0,0x00000000e6e80000)
  from space 10752K, 80% used [0x00000000e7900000,0x00000000e816f0c0,0x00000000e8380000)
  to   space 10752K, 0% used [0x00000000e6e80000,0x00000000e6e80000,0x00000000e7900000)
 ParOldGen       total 55808K, used 8339K [0x00000000a0000000, 0x00000000a3680000, 0x00000000e0000000)
  object space 55808K, 14% used [0x00000000a0000000,0x00000000a0824df0,0x00000000a3680000)
 Metaspace       used 34749K, capacity 35412K, committed 35496K, reserved 1079296K
  class space    used 4779K, capacity 4993K, committed 5032K, reserved 1048576K
Event: 6.192 GC heap after
Heap after GC invocations=10 (full 1):
 PSYoungGen      total 123904K, used 9824K [0x00000000e0000000, 0x00000000e8480000, 0x0000000100000000)
  eden space 113152K, 0% used [0x00000000e0000000,0x00000000e0000000,0x00000000e6e80000)
  from space 10752K, 91% used [0x00000000e6e80000,0x00000000e7818178,0x00000000e7900000)
  to   space 10752K, 0% used [0x00000000e7900000,0x00000000e7900000,0x00000000e8380000)
 ParOldGen       total 55808K, used 8347K [0x00000000a0000000, 0x00000000a3680000, 0x00000000e0000000)
  object space 55808K, 14% used [0x00000000a0000000,0x00000000a0826df0,0x00000000a3680000)
 Metaspace       used 34749K, capacity 35412K, committed 35496K, reserved 1079296K
  class space    used 4779K, capacity 4993K, committed 5032K, reserved 1048576K
}
Event: 6.192 GC heap before
{Heap before GC invocations=11 (full 2):
 PSYoungGen      total 123904K, used 9824K [0x00000000e0000000, 0x00000000e8480000, 0x0000000100000000)
  eden space 113152K, 0% used [0x00000000e0000000,0x00000000e0000000,0x00000000e6e80000)
  from space 10752K, 91% used [0x00000000e6e80000,0x00000000e7818178,0x00000000e7900000)
  to   space 10752K, 0% used [0x00000000e7900000,0x00000000e7900000,0x00000000e8380000)
 ParOldGen       total 55808K, used 8347K [0x00000000a0000000, 0x00000000a3680000, 0x00000000e0000000)
  object space 55808K, 14% used [0x00000000a0000000,0x00000000a0826df0,0x00000000a3680000)
 Metaspace       used 34749K, capacity 35412K, committed 35496K, reserved 1079296K
  class space    used 4779K, capacity 4993K, committed 5032K, reserved 1048576K
Event: 6.275 GC heap after
Heap after GC invocations=11 (full 2):
 PSYoungGen      total 123904K, used 0K [0x00000000e0000000, 0x00000000e8480000, 0x0000000100000000)
  eden space 113152K, 0% used [0x00000000e0000000,0x00000000e0000000,0x00000000e6e80000)
  from space 10752K, 0% used [0x00000000e6e80000,0x00000000e6e80000,0x00000000e7900000)
  to   space 10752K, 0% used [0x00000000e7900000,0x00000000e7900000,0x00000000e8380000)
 ParOldGen       total 55808K, used 16678K [0x00000000a0000000, 0x00000000a3680000, 0x00000000e0000000)
  object space 55808K, 29% used [0x00000000a0000000,0x00000000a1049a98,0x00000000a3680000)
 Metaspace       used 34744K, capacity 35394K, committed 35496K, reserved 1079296K
  class space    used 4778K, capacity 4990K, committed 5032K, reserved 1048576K
}
Event: 9.243 GC heap before
{Heap before GC invocations=12 (full 2):
 PSYoungGen      total 123904K, used 113152K [0x00000000e0000000, 0x00000000e8480000, 0x0000000100000000)
  eden space 113152K, 100% used [0x00000000e0000000,0x00000000e6e80000,0x00000000e6e80000)
  from space 10752K, 0% used [0x00000000e6e80000,0x00000000e6e80000,0x00000000e7900000)
  to   space 10752K, 0% used [0x00000000e7900000,0x00000000e7900000,0x00000000e8380000)
 ParOldGen       total 55808K, used 16678K [0x00000000a0000000, 0x00000000a3680000, 0x00000000e0000000)
  object space 55808K, 29% used [0x00000000a0000000,0x00000000a1049a98,0x00000000a3680000)
 Metaspace       used 45364K, capacity 46458K, committed 46632K, reserved 1089536K
  class space    used 6114K, capacity 6414K, committed 6440K, reserved 1048576K
Event: 9.255 GC heap after
Heap after GC invocations=12 (full 2):
 PSYoungGen      total 123904K, used 10724K [0x00000000e0000000, 0x00000000e8480000, 0x0000000100000000)
  eden space 113152K, 0% used [0x00000000e0000000,0x00000000e0000000,0x00000000e6e80000)
  from space 10752K, 99% used [0x00000000e7900000,0x00000000e8379278,0x00000000e8380000)
  to   space 10752K, 0% used [0x00000000e6e80000,0x00000000e6e80000,0x00000000e7900000)
 ParOldGen       total 55808K, used 21011K [0x00000000a0000000, 0x00000000a3680000, 0x00000000e0000000)
  object space 55808K, 37% used [0x00000000a0000000,0x00000000a1484c90,0x00000000a3680000)
 Metaspace       used 45364K, capacity 46458K, committed 46632K, reserved 1089536K
  class space    used 6114K, capacity 6414K, committed 6440K, reserved 1048576K
}

